2018-07-17 10:00:22 TestLogger: Reading configuration and set port for client to connect to: 9090
2018-07-17 10:00:22 TestLogger: Finished Configuring Client Application
2018-07-17 10:00:22 TestLogger: Start running multi thread client
2018-07-17 10:00:22 TestLogger: Initializing Client Application
2018-07-17 10:00:33 TestLogger: Uninitializing Server Application
2018-07-17 10:06:40 TestLogger: Reading configuration and set port for client to connect to: 9090
2018-07-17 10:06:40 TestLogger: Finished Configuring Client Application
2018-07-17 10:06:40 TestLogger: Start running single thread client
2018-07-17 10:06:40 TestLogger: Initializing Client Application
2018-07-17 10:07:14 TestLogger: Uninitializing Server Application
2018-07-18 09:44:43 TestLogger: Reading configuration and set port for client to connect to: 9090
2018-07-18 09:44:43 TestLogger: Finished Configuring Client Application
2018-07-19 14:18:14 TestLogger: Reading configuration and set port for client to connect to: 9090
2018-07-19 14:18:14 TestLogger: Finished Configuring Client Application
2018-07-19 14:18:14 TestLogger: Start running single thread client
2018-07-19 14:18:36 TestLogger: Reading configuration and set port for client to connect to: 9090
2018-07-19 14:18:36 TestLogger: Finished Configuring Client Application
2018-07-19 14:18:36 TestLogger: Start running multi thread client
2018-07-19 14:23:08 TestLogger: Reading configuration and set port for client to connect to: 9090
2018-07-19 14:23:08 TestLogger: Finished Configuring Client Application
2018-07-19 14:23:08 TestLogger: Start running single thread client
2018-07-19 15:01:18 TestLogger: Reading configuration and set port for client to connect to: 9090
2018-07-19 15:01:18 TestLogger: Finished Configuring Client Application
2018-07-19 15:01:18 TestLogger: Start running single thread client
2018-07-19 15:01:24 TestLogger: Reading configuration and set port for client to connect to: 9090
2018-07-19 15:01:24 TestLogger: Finished Configuring Client Application
2018-07-19 15:01:24 TestLogger: Start running multi thread client
2018-07-19 15:43:48 TestLogger: Reading configuration and set port for client to connect to: 9090
2018-07-19 15:43:48 TestLogger: Finished Configuring Client Application
2018-07-19 15:43:48 TestLogger: Start running multi thread client
